<?xml version="1.0" encoding="UTF-8"?>
<!-- Generated by org.testng.reporters.JUnitXMLReporter -->
<testsuite ignored="0" hostname="DESKTOP-HL5P13G" failures="1" tests="2" name="Test" time="11.854" errors="0" timestamp="2023-06-27T21:20:47 IST">
  <testcase classname="Test_Classes.Post_TC1" name="extractor" time="9.668">
    <failure type="java.lang.AssertionError" message="expected [Tester] but found [leader]">
      <![CDATA[java.lang.AssertionError: expected [Tester] but found [leader]
at Test_Classes.Post_TC1.extractor(Post_TC1.java:28)
at java.base/java.util.ArrayList.forEach(ArrayList.java:1511)
... Removed 33 stack frames]]>
    </failure>
  </testcase> <!-- extractor -->
  <testcase classname="Test_Classes.Put_TC1" name="extractor" time="1.888"/>
</testsuite> <!-- Test -->
